[debug] [2020-05-11T13:11:38.185Z] ----------------------------------------------------------------------
[debug] [2020-05-11T13:11:38.187Z] Command:       /usr/local/bin/node /usr/local/bin/firebase serve
[debug] [2020-05-11T13:11:38.187Z] CLI Version:   8.1.1
[debug] [2020-05-11T13:11:38.187Z] Platform:      darwin
[debug] [2020-05-11T13:11:38.187Z] Node Version:  v13.11.0
[debug] [2020-05-11T13:11:38.187Z] Time:          Mon May 11 2020 09:11:38 GMT-0400 (Eastern Daylight Time)
[debug] [2020-05-11T13:11:38.188Z] ----------------------------------------------------------------------
[debug] [2020-05-11T13:11:38.188Z] 
[debug] [2020-05-11T13:11:38.193Z] > command requires scopes: ["email","openid","https://www.googleapis.com/auth/cloudplatformprojects.readonly","https://www.googleapis.com/auth/firebase","https://www.googleapis.com/auth/cloud-platform"]
[debug] [2020-05-11T13:11:38.193Z] > authorizing via signed-in user
[debug] [2020-05-11T13:11:38.193Z] [iam] checking project blog-8fadb for permissions ["firebase.projects.get"]
[debug] [2020-05-11T13:11:38.195Z] >>> HTTP REQUEST POST https://cloudresourcemanager.googleapis.com/v1/projects/blog-8fadb:testIamPermissions  
 {"permissions":["firebase.projects.get"]}
[debug] [2020-05-11T13:11:38.331Z] <<< HTTP RESPONSE 200 {"content-type":"application/json; charset=UTF-8","vary":"X-Origin, Referer, Origin,Accept-Encoding","date":"Mon, 11 May 2020 13:11:38 GMT","server":"ESF","cache-control":"private","x-xss-protection":"0","x-frame-options":"SAMEORIGIN","x-content-type-options":"nosniff","server-timing":"gfet4t7; dur=51","alt-svc":"h3-27=\":443\"; ma=2592000,h3-25=\":443\"; ma=2592000,h3-Q050=\":443\"; ma=2592000,h3-Q049=\":443\"; ma=2592000,h3-Q048=\":443\"; ma=2592000,h3-Q046=\":443\"; ma=2592000,h3-Q043=\":443\"; ma=2592000,quic=\":443\"; ma=2592000; v=\"46,43\"","accept-ranges":"none","transfer-encoding":"chunked"}
[debug] [2020-05-11T13:11:38.332Z] >>> HTTP REQUEST GET https://firebase.googleapis.com/v1beta1/projects/blog-8fadb  
 
[debug] [2020-05-11T13:11:38.518Z] <<< HTTP RESPONSE 200 {"content-type":"application/json; charset=UTF-8","vary":"X-Origin, Referer, Origin,Accept-Encoding","date":"Mon, 11 May 2020 13:11:38 GMT","server":"ESF","cache-control":"private","x-xss-protection":"0","x-frame-options":"SAMEORIGIN","x-content-type-options":"nosniff","alt-svc":"h3-27=\":443\"; ma=2592000,h3-25=\":443\"; ma=2592000,h3-Q050=\":443\"; ma=2592000,h3-Q049=\":443\"; ma=2592000,h3-Q048=\":443\"; ma=2592000,h3-Q046=\":443\"; ma=2592000,h3-Q043=\":443\"; ma=2592000,quic=\":443\"; ma=2592000; v=\"46,43\"","accept-ranges":"none","transfer-encoding":"chunked"}
[info] 
[info] === Serving from '/Users/ksivy/Sites/blog'...
[info] 
[debug] [2020-05-11T13:11:38.521Z] >>> HTTP REQUEST GET https://firebase.googleapis.com/v1beta1/projects/blog-8fadb/webApps/-/config  
 
[debug] [2020-05-11T13:11:38.813Z] <<< HTTP RESPONSE 200 {"content-type":"application/json; charset=UTF-8","vary":"X-Origin, Referer, Origin,Accept-Encoding","date":"Mon, 11 May 2020 13:11:38 GMT","server":"ESF","cache-control":"private","x-xss-protection":"0","x-frame-options":"SAMEORIGIN","x-content-type-options":"nosniff","alt-svc":"h3-27=\":443\"; ma=2592000,h3-25=\":443\"; ma=2592000,h3-Q050=\":443\"; ma=2592000,h3-Q049=\":443\"; ma=2592000,h3-Q048=\":443\"; ma=2592000,h3-Q046=\":443\"; ma=2592000,h3-Q043=\":443\"; ma=2592000,quic=\":443\"; ma=2592000; v=\"46,43\"","accept-ranges":"none","transfer-encoding":"chunked"}
[info] i  hosting: Serving hosting files from: build
[info] ✔  hosting: Local server: http://localhost:5000
